<?xml version="1.0" encoding="UTF-8"?>
<character>
	<literal>語</literal>
	<codepoint>
		<cp_value cp_type="ucs">8a9e</cp_value>
		<cp_value cp_type="jis208">24-76</cp_value>
	</codepoint>
	<radical>
		<rad_value rad_type="classical">149</rad_value>
	</radical>
	<misc>
		<grade>2</grade>
		<stroke_count>14</stroke_count>
		<freq>301</freq>
		<jlpt>4</jlpt>
	</misc>
	<dic_number>
		<dic_ref dr_type="nelson_c">4374</dic_ref>
		<dic_ref dr_type="nelson_n">5628</dic_ref>
		<dic_ref dr_type="halpern_njecd">1543</dic_ref>
		<dic_ref dr_type="halpern_kkld">1040</dic_ref>
		<dic_ref dr_type="heisig">347</dic_ref>
		<dic_ref dr_type="gakken">274</dic_ref>
		<dic_ref dr_type="oneill_names">2136</dic_ref>
		<dic_ref dr_type="oneill_kk">231</dic_ref>
		<dic_ref dr_type="moro" m_vol="10" m_page="0474">35533</dic_ref>
		<dic_ref dr_type="henshall">112</dic_ref>
		<dic_ref dr_type="sh_kk">67</dic_ref>
		<dic_ref dr_type="sakade">209</dic_ref>
		<dic_ref dr_type="jf_cards">87</dic_ref>
		<dic_ref dr_type="henshall3">124</dic_ref>
		<dic_ref dr_type="tutt_cards">231</dic_ref>
		<dic_ref dr_type="crowley">211</dic_ref>
		<dic_ref dr_type="kanji_in_context">154</dic_ref>
		<dic_ref dr_type="busy_people">2.1</dic_ref>
		<dic_ref dr_type="kodansha_compact">1685</dic_ref>
		<dic_ref dr_type="maniette">353</dic_ref>
	</dic_number>
	<query_code>
		<q_code qc_type="skip">1-7-7</q_code>
		<q_code qc_type="sh_desc">7a7.6</q_code>
		<q_code qc_type="four_corner">0166.1</q_code>
		<q_code qc_type="deroo">3077</q_code>
	</query_code>
	<reading_meaning>
		<rmgroup>
			<reading r_type="pinyin">yu3</reading>
			<reading r_type="pinyin">yu4</reading>
			<reading r_type="korean_r">eo</reading>
			<reading r_type="korean_h">어</reading>
			<reading r_type="ja_on">ゴ</reading>
			<reading r_type="ja_kun">かた.る</reading>
			<reading r_type="ja_kun">かた.らう</reading>
			<meaning>word</meaning>
			<meaning>speech</meaning>
			<meaning>language</meaning>
			<meaning m_lang="fr">langage</meaning>
			<meaning m_lang="fr">mot</meaning>
			<meaning m_lang="fr">raconter</meaning>
			<meaning m_lang="es">palabra</meaning>
			<meaning m_lang="es">discurso</meaning>
			<meaning m_lang="es">lenguaje</meaning>
			<meaning m_lang="es">hablar</meaning>
			<meaning m_lang="es">conversar</meaning>
			<meaning m_lang="es">narrar</meaning>
			<meaning m_lang="pt">palavra</meaning>
			<meaning m_lang="pt">discurso</meaning>
			<meaning m_lang="pt">língua</meaning>
		</rmgroup>
	</reading_meaning>
</character>